<?xml version="1.0" encoding="UTF-8"?>
<!-- Generated by org.testng.reporters.JUnitReportReporter -->
<testsuite hostname="Mohammeds-MacBook-Pro.local" failures="0" tests="1" name="jpetStore.tests.SignInUsingNewRegisteredDataTest" time="4.054" errors="0" timestamp="2025-03-13T00:25:43 GST" skipped="0">
  <testcase classname="jpetStore.tests.SignInUsingNewRegisteredDataTest" name="signInUsingRegisterationData" time="4.054"/>
</testsuite> <!-- jpetStore.tests.SignInUsingNewRegisteredDataTest -->
