<?xml version="1.0" encoding="UTF-8"?>
<!-- Generated by org.testng.reporters.JUnitReportReporter -->
<testsuite hostname="Mohammeds-MacBook-Pro.local" failures="0" tests="3" name="cucumber.TestNGTestRunner" time="11.168" errors="0" timestamp="2025-03-13T02:28:44 GST" skipped="0">
  <testcase classname="cucumber.TestNGTestRunner" name="runScenario" time="2.962"/>
  <testcase classname="cucumber.TestNGTestRunner" name="runScenario" time="4.728"/>
  <testcase classname="cucumber.TestNGTestRunner" name="runScenario" time="3.478"/>
</testsuite> <!-- cucumber.TestNGTestRunner -->
