<?xml version="1.0" encoding="UTF-8"?>
<!-- Generated by org.testng.reporters.JUnitReportReporter -->
<testsuite hostname="Mohammeds-MacBook-Pro.local" failures="0" tests="1" name="jpetStore.tests.SignIn" time="4.805" errors="0" timestamp="2025-03-12T06:53:58 GST" skipped="0">
  <testcase classname="jpetStore.tests.SignIn" name="addToCart" time="4.805"/>
</testsuite> <!-- jpetStore.tests.SignIn -->
