<?xml version="1.0" encoding="UTF-8"?>
<!-- Generated by org.testng.reporters.JUnitReportReporter -->
<testsuite hostname="Mohammeds-MacBook-Pro.local" failures="0" tests="1" name="jpetStore.tests.SignInUsingNewRegisteredData" time="4.575" errors="0" timestamp="2025-03-11T03:27:52 GST" skipped="0">
  <testcase classname="jpetStore.tests.SignInUsingNewRegisteredData" name="signInUsingRegisterationData" time="4.575"/>
</testsuite> <!-- jpetStore.tests.SignInUsingNewRegisteredData -->
