<?xml version="1.0" encoding="UTF-8"?>
<!-- Generated by org.testng.reporters.JUnitReportReporter -->
<testsuite hostname="Mohammeds-MacBook-Pro.local" failures="0" tests="2" name="cucumber.TestNGTestRunner" time="6.871" errors="2" timestamp="2025-03-12T15:54:09 GST" skipped="0">
  <testcase classname="cucumber.TestNGTestRunner" name="runScenario" time="4.461">
    <error message="Cannot invoke &quot;jpetStore.pageobjects.SignInPage.loginApplication(String, String)&quot; because &quot;this.signInPage&quot; is null" type="java.lang.NullPointerException">
      <![CDATA[java.lang.NullPointerException: Cannot invoke "jpetStore.pageobjects.SignInPage.loginApplication(String, String)" because "this.signInPage" is null
at jpetStore.stepDefinitions.StepDefinitionImpl.I_login_with_username_and_password(StepDefinitionImpl.java:48)
at ✽.I login with username mohamed1123 and password mohaa(file:///Users/mohammedsamir/eclipse-workspace/JpetStoreAutomation/src/test/java/cucumber/AddToCart.feature:10)
]]>
    </error>
  </testcase> <!-- runScenario -->
  <testcase classname="cucumber.TestNGTestRunner" name="runScenario" time="2.410">
    <error message="Cannot invoke &quot;jpetStore.pageobjects.SignInPage.loginApplication(String, String)&quot; because &quot;this.signInPage&quot; is null" type="java.lang.NullPointerException">
      <![CDATA[java.lang.NullPointerException: Cannot invoke "jpetStore.pageobjects.SignInPage.loginApplication(String, String)" because "this.signInPage" is null
at jpetStore.stepDefinitions.StepDefinitionImpl.I_login_with_username_and_password(StepDefinitionImpl.java:48)
at ✽.I login with username mohamed1123 and password mohaa(file:///Users/mohammedsamir/eclipse-workspace/JpetStoreAutomation/src/test/java/cucumber/SignIn.feature:9)
]]>
    </error>
  </testcase> <!-- runScenario -->
</testsuite> <!-- cucumber.TestNGTestRunner -->
