<?xml version="1.0" encoding="UTF-8"?>
<!-- Generated by org.testng.reporters.JUnitReportReporter -->
<testsuite hostname="Mohammeds-MacBook-Pro.local" failures="0" tests="3" name="cucumber.TestNGTestRunner" time="11.197" errors="0" timestamp="2025-03-13T01:54:08 GST" skipped="0">
  <testcase classname="cucumber.TestNGTestRunner" name="runScenario" time="4.652"/>
  <testcase classname="cucumber.TestNGTestRunner" name="runScenario" time="2.695"/>
  <testcase classname="cucumber.TestNGTestRunner" name="runScenario" time="3.850"/>
</testsuite> <!-- cucumber.TestNGTestRunner -->
