<?xml version="1.0" encoding="UTF-8"?>
<!-- Generated by org.testng.reporters.JUnitReportReporter -->
<testsuite hostname="Mohammeds-MacBook-Pro.local" failures="0" tests="1" name="jpetStore.tests.RegisterationTest" time="4.025" errors="0" timestamp="2025-03-13T03:29:23 GST" skipped="0">
  <testcase classname="jpetStore.tests.RegisterationTest" name="registerationTest" time="4.025"/>
</testsuite> <!-- jpetStore.tests.RegisterationTest -->
