<?xml version="1.0" encoding="UTF-8"?>
<!-- Generated by org.testng.reporters.JUnitReportReporter -->
<testsuite hostname="Mohammeds-MacBook-Pro.local" failures="0" tests="1" name="jpetStore.tests.SignInUsingNewRegisteredDataTest" time="5.077" errors="0" timestamp="2025-03-13T03:29:23 GST" skipped="0">
  <testcase classname="jpetStore.tests.SignInUsingNewRegisteredDataTest" name="signInUsingRegisterationData" time="5.077"/>
</testsuite> <!-- jpetStore.tests.SignInUsingNewRegisteredDataTest -->
