<?xml version="1.0" encoding="UTF-8"?>
<!-- Generated by org.testng.reporters.JUnitReportReporter -->
<testsuite hostname="Mohammeds-MacBook-Pro.local" failures="0" tests="3" name="cucumber.TestNGTestRunner" time="11.655" errors="0" timestamp="2025-03-13T03:28:56 GST" skipped="0">
  <testcase classname="cucumber.TestNGTestRunner" name="runScenario" time="5.079"/>
  <testcase classname="cucumber.TestNGTestRunner" name="runScenario" time="2.863"/>
  <testcase classname="cucumber.TestNGTestRunner" name="runScenario" time="3.713"/>
</testsuite> <!-- cucumber.TestNGTestRunner -->
