<?xml version="1.0" encoding="UTF-8"?>
<!-- Generated by org.testng.reporters.JUnitReportReporter -->
<testsuite hostname="Mohammeds-MacBook-Pro.local" failures="0" tests="1" name="jpetStore.tests.RegisterationTest" time="3.997" errors="0" timestamp="2025-03-13T02:07:38 GST" skipped="0">
  <testcase classname="jpetStore.tests.RegisterationTest" name="registerationTest" time="3.997"/>
</testsuite> <!-- jpetStore.tests.RegisterationTest -->
