<?xml version="1.0" encoding="UTF-8"?>
<!-- Generated by org.testng.reporters.JUnitReportReporter -->
<testsuite hostname="Mohammeds-MacBook-Pro.local" failures="0" tests="3" name="cucumber.TestNGTestRunner" time="13.522" errors="3" timestamp="2025-03-13T00:26:51 GST" skipped="0">
  <testcase classname="cucumber.TestNGTestRunner" name="runScenario" time="2.376">
    <error message="Cannot invoke &quot;jpetStore.pageobjects.SignInPage.clickRegisterBtn()&quot; because &quot;this.signInPage&quot; is null" type="java.lang.NullPointerException">
      <![CDATA[java.lang.NullPointerException: Cannot invoke "jpetStore.pageobjects.SignInPage.clickRegisterBtn()" because "this.signInPage" is null
at jpetStore.stepDefinitions.StepDefinitionImpl.I_click_on_register_btn(StepDefinitionImpl.java:100)
at ✽.I click on register btn(file:///Users/mohammedsamir/eclipse-workspace/JpetStoreAutomation/src/test/java/cucumber/Registeration.feature:9)
]]>
    </error>
  </testcase> <!-- runScenario -->
  <testcase classname="cucumber.TestNGTestRunner" name="runScenario" time="5.842">
    <error message="Cannot invoke &quot;jpetStore.pageobjects.SignInPage.loginApplication(String, String)&quot; because &quot;this.signInPage&quot; is null" type="java.lang.NullPointerException">
      <![CDATA[java.lang.NullPointerException: Cannot invoke "jpetStore.pageobjects.SignInPage.loginApplication(String, String)" because "this.signInPage" is null
at jpetStore.stepDefinitions.StepDefinitionImpl.I_login_with_username_and_password(StepDefinitionImpl.java:59)
at ✽.I login with username mohamed1123 and password mohaa(file:///Users/mohammedsamir/eclipse-workspace/JpetStoreAutomation/src/test/java/cucumber/AddToCart.feature:9)
]]>
    </error>
  </testcase> <!-- runScenario -->
  <testcase classname="cucumber.TestNGTestRunner" name="runScenario" time="5.304">
    <error message="Cannot invoke &quot;jpetStore.pageobjects.SignInPage.loginApplication(String, String)&quot; because &quot;this.signInPage&quot; is null" type="java.lang.NullPointerException">
      <![CDATA[java.lang.NullPointerException: Cannot invoke "jpetStore.pageobjects.SignInPage.loginApplication(String, String)" because "this.signInPage" is null
at jpetStore.stepDefinitions.StepDefinitionImpl.I_login_with_username_and_password(StepDefinitionImpl.java:59)
at ✽.I login with username mohamed1123 and password mohaa(file:///Users/mohammedsamir/eclipse-workspace/JpetStoreAutomation/src/test/java/cucumber/SignIn.feature:9)
]]>
    </error>
  </testcase> <!-- runScenario -->
</testsuite> <!-- cucumber.TestNGTestRunner -->
