<?xml version="1.0" encoding="UTF-8"?>
<!-- Generated by org.testng.reporters.JUnitReportReporter -->
<testsuite hostname="Mohammeds-MacBook-Pro.local" failures="0" tests="1" name="jpetStore.tests.AddToCartTest" time="3.709" errors="0" timestamp="2025-03-13T04:31:50 GST" skipped="0">
  <testcase classname="jpetStore.tests.AddToCartTest" name="addToCart" time="3.709"/>
</testsuite> <!-- jpetStore.tests.AddToCartTest -->
