<?xml version="1.0" encoding="UTF-8"?>
<!-- Generated by org.testng.reporters.JUnitReportReporter -->
<testsuite hostname="Mohammeds-MacBook-Pro.local" failures="0" tests="3" name="cucumber.TestNGTestRunner" time="9.716" errors="0" timestamp="2025-03-13T04:31:50 GST" skipped="0">
  <testcase classname="cucumber.TestNGTestRunner" name="runScenario" time="3.444"/>
  <testcase classname="cucumber.TestNGTestRunner" name="runScenario" time="3.462"/>
  <testcase classname="cucumber.TestNGTestRunner" name="runScenario" time="2.810"/>
</testsuite> <!-- cucumber.TestNGTestRunner -->
