<?xml version="1.0" encoding="UTF-8"?>
<!-- Generated by org.testng.reporters.JUnitReportReporter -->
<testsuite hostname="Mohammeds-MacBook-Pro.local" failures="0" tests="1" name="jpetStore.tests.SignInUsingNewRegisteredDataTest" time="3.872" errors="0" timestamp="2025-03-13T04:31:50 GST" skipped="0">
  <testcase classname="jpetStore.tests.SignInUsingNewRegisteredDataTest" name="signInUsingRegisterationData" time="3.872"/>
</testsuite> <!-- jpetStore.tests.SignInUsingNewRegisteredDataTest -->
